<?xml version="1.0" encoding="UTF-8"?>
<testsuite xmlns:xsi="http://www.w3.org/2001/XMLSchema-instance" xsi:noNamespaceSchemaLocation="https://maven.apache.org/surefire/maven-surefire-plugin/xsd/surefire-test-report.xsd" name="isen.m1.chaillan.AppTest" time="0.033" tests="1" errors="0" skipped="0" failures="0">
  <properties>
    <property name="sun.desktop" value="windows"/>
    <property name="awt.toolkit" value="sun.awt.windows.WToolkit"/>
    <property name="file.encoding.pkg" value="sun.io"/>
    <property name="java.specification.version" value="1.8"/>
    <property name="sun.cpu.isalist" value="amd64"/>
    <property name="sun.jnu.encoding" value="Cp1252"/>
    <property name="java.class.path" value="C:\Users\tomch\Documents\java\AdvanceJava\my-server\target\test-classes;C:\Users\tomch\Documents\java\AdvanceJava\my-server\target\classes;C:\Users\tomch\.m2\repository\junit\junit\4.11\junit-4.11.jar;C:\Users\tomch\.m2\repository\org\hamcrest\hamcrest-core\1.3\hamcrest-core-1.3.jar;C:\Users\tomch\.m2\repository\isen\m1\chaillan\Book\1.0-SNAPSHOT\Book-1.0-SNAPSHOT.jar;C:\Users\tomch\.m2\repository\org\apache\commons\commons-lang3\3.9\commons-lang3-3.9.jar;"/>
    <property name="java.vm.vendor" value=""/>
    <property name="sun.arch.data.model" value="64"/>
    <property name="user.variant" value=""/>
    <property name="java.vendor.url" value="http://java.oracle.com/"/>
    <property name="user.timezone" value="Europe/Paris"/>
    <property name="java.vm.specification.version" value="1.8"/>
    <property name="os.name" value="Windows 10"/>
    <property name="user.country" value="FR"/>
    <property name="sun.java.launcher" value="SUN_STANDARD"/>
    <property name="sun.boot.library.path" value="C:\Program Files\Java\jdk8u242-b08\jre\bin"/>
    <property name="sun.java.command" value="C:\Users\tomch\AppData\Local\Temp\surefire2698827876790532712\surefirebooter2874936860972414853.jar C:\Users\tomch\AppData\Local\Temp\surefire2698827876790532712 2020-03-22T20-41-07_442-jvmRun1 surefire4804683783965402119tmp surefire_04392933697521869376tmp"/>
    <property name="surefire.test.class.path" value="C:\Users\tomch\Documents\java\AdvanceJava\my-server\target\test-classes;C:\Users\tomch\Documents\java\AdvanceJava\my-server\target\classes;C:\Users\tomch\.m2\repository\junit\junit\4.11\junit-4.11.jar;C:\Users\tomch\.m2\repository\org\hamcrest\hamcrest-core\1.3\hamcrest-core-1.3.jar;C:\Users\tomch\.m2\repository\isen\m1\chaillan\Book\1.0-SNAPSHOT\Book-1.0-SNAPSHOT.jar;C:\Users\tomch\.m2\repository\org\apache\commons\commons-lang3\3.9\commons-lang3-3.9.jar;"/>
    <property name="sun.cpu.endian" value="little"/>
    <property name="user.home" value="C:\Users\tomch"/>
    <property name="user.language" value="fr"/>
    <property name="java.specification.vendor" value="Oracle Corporation"/>
    <property name="java.home" value="C:\Program Files\Java\jdk8u242-b08\jre"/>
    <property name="basedir" value="C:\Users\tomch\Documents\java\AdvanceJava\my-server"/>
    <property name="file.separator" value="\"/>
    <property name="line.separator" value="&#10;"/>
    <property name="java.vm.specification.vendor" value="Oracle Corporation"/>
    <property name="java.specification.name" value="Java Platform API Specification"/>
    <property name="java.awt.graphicsenv" value="sun.awt.Win32GraphicsEnvironment"/>
    <property name="surefire.real.class.path" value="C:\Users\tomch\AppData\Local\Temp\surefire2698827876790532712\surefirebooter2874936860972414853.jar"/>
    <property name="sun.boot.class.path" value="C:\Program Files\Java\jdk8u242-b08\jre\lib\resources.jar;C:\Program Files\Java\jdk8u242-b08\jre\lib\rt.jar;C:\Program Files\Java\jdk8u242-b08\jre\lib\sunrsasign.jar;C:\Program Files\Java\jdk8u242-b08\jre\lib\jsse.jar;C:\Program Files\Java\jdk8u242-b08\jre\lib\jce.jar;C:\Program Files\Java\jdk8u242-b08\jre\lib\charsets.jar;C:\Program Files\Java\jdk8u242-b08\jre\lib\jfr.jar;C:\Program Files\Java\jdk8u242-b08\jre\classes"/>
    <property name="user.script" value=""/>
    <property name="sun.management.compiler" value="HotSpot 64-Bit Tiered Compilers"/>
    <property name="java.runtime.version" value="1.8.0_242-b08"/>
    <property name="user.name" value="tomch"/>
    <property name="path.separator" value=";"/>
    <property name="os.version" value="10.0"/>
    <property name="java.endorsed.dirs" value="C:\Program Files\Java\jdk8u242-b08\jre\lib\endorsed"/>
    <property name="java.runtime.name" value="OpenJDK Runtime Environment"/>
    <property name="file.encoding" value="Cp1252"/>
    <property name="java.vm.name" value="OpenJDK 64-Bit Server VM"/>
    <property name="localRepository" value="C:\Users\tomch\.m2\repository"/>
    <property name="java.vendor.url.bug" value="http://bugreport.sun.com/bugreport/"/>
    <property name="java.io.tmpdir" value="C:\Users\tomch\AppData\Local\Temp\"/>
    <property name="java.version" value="1.8.0_242"/>
    <property name="user.dir" value="C:\Users\tomch\Documents\java\AdvanceJava\my-server"/>
    <property name="os.arch" value="amd64"/>
    <property name="java.vm.specification.name" value="Java Virtual Machine Specification"/>
    <property name="java.awt.printerjob" value="sun.awt.windows.WPrinterJob"/>
    <property name="sun.os.patch.level" value=""/>
    <property name="java.library.path" value="C:\Program Files\Java\jdk8u242-b08\jre\bin;C:\WINDOWS\Sun\Java\bin;C:\WINDOWS\system32;C:\WINDOWS;C:\Program Files (x86)\NVIDIA Corporation\PhysX\Common;C:\WINDOWS\system32;C:\WINDOWS;C:\WINDOWS\System32\Wbem;C:\WINDOWS\System32\WindowsPowerShell\v1.0\;C:\WINDOWS\System32\OpenSSH\;C:\Program Files\dotnet\;C:\Program Files\Microsoft SQL Server\130\Tools\Binn\;C:\Program Files\Microsoft SQL Server\Client SDK\ODBC\170\Tools\Binn\;C:\Program Files (x86)\Microsoft SQL Server\110\Tools\Binn\;C:\Program Files\Microsoft SQL Server\110\Tools\Binn\;C:\Program Files\Microsoft SQL Server\110\DTS\Binn\;C:\Program Files (x86)\Microsoft SQL Server\110\Tools\Binn\ManagementStudio\;C:\Program Files (x86)\Microsoft SQL Server\110\DTS\Binn\;C:\;C:\Users\tomch\AppData\Roaming\npm;C:\Program Files\Git\cmd;C:\Program Files\Java\apache-maven-3.6.3\bin;C:\Program Files\Kubernetes\Minikube;C:\glassfish5\bin;D:\payara5\bin;C:\Program Files\MySQL\MySQL Shell 8.0\bin\;C:\Users\tomch\AppData\Local\Programs\Python\Python38\Scripts\;C:\Users\tomch\AppData\Local\Programs\Python\Python38\;C:\Program Files\Java\jdk8u242-b08\bin;C:\Users\tomch\AppData\Local\Microsoft\WindowsApps;C:\Program Files (x86)\mingw-w64\i686-8.1.0-posix-dwarf-rt_v6-rev0\mingw32\bin;C:\Users\tomch\AppData\Local\Programs\Microsoft VS Code\bin;C:\Users\tomch\AppData\Local\GitHubDesktop\bin;C:\Users\tomch\AppData\Local\Microsoft\WindowsApps;C:\Users\tomch\AppData\Roaming\npm;C:\Program Files\Docker Toolbox;;."/>
    <property name="java.vm.info" value="mixed mode"/>
    <property name="java.vendor" value="AdoptOpenJDK"/>
    <property name="java.vm.version" value="25.242-b08"/>
    <property name="java.ext.dirs" value="C:\Program Files\Java\jdk8u242-b08\jre\lib\ext;C:\WINDOWS\Sun\Java\lib\ext"/>
    <property name="sun.io.unicode.encoding" value="UnicodeLittle"/>
    <property name="java.class.version" value="52.0"/>
  </properties>
  <testcase name="shouldAnswerWithTrue" classname="isen.m1.chaillan.AppTest" time="0.002"/>
</testsuite>